###############################################################################
#
# IAR ANSI C/C++ Compiler V7.50.3.10732/W32 for ARM       13/Mar/2016  16:46:21
# Copyright 1999-2016 IAR Systems AB.
#
#    Cpu mode     =  thumb
#    Endian       =  little
#    Source file  =  
#        C:\Users\hulei\Desktop\FSL_Kinetis_Bootloader_1_2_1\src\usb_stack\usb_core\device\sources\controller\ehci_interface.c
#    Command line =  
#        C:\Users\hulei\Desktop\FSL_Kinetis_Bootloader_1_2_1\src\usb_stack\usb_core\device\sources\controller\ehci_interface.c
#        -D NDEBUG -D CPU_MK22FN512VDC12 -D CPU_IS_ARM_CORTEX_M4=1 -D IAR -D
#        FREEDOM -D BL_TARGET_FLASH -lC
#        C:\Users\hulei\Desktop\FSL_Kinetis_Bootloader_1_2_1\targets\MK22F51212\iar\freedom_bootloader\debug\list
#        --diag_suppress Pa050 -o
#        C:\Users\hulei\Desktop\FSL_Kinetis_Bootloader_1_2_1\targets\MK22F51212\iar\freedom_bootloader\debug\obj
#        --no_unroll --debug --endian=little --cpu=Cortex-M4 -e --fpu=None
#        --dlib_config "F:\Program Files\IAR Systems\Embedded Workbench
#        7.3\arm\INC\c\DLib_Config_Normal.h" -I
#        C:\Users\hulei\Desktop\FSL_Kinetis_Bootloader_1_2_1\targets\MK22F51212\iar\freedom_bootloader/../../src\
#        -I
#        C:\Users\hulei\Desktop\FSL_Kinetis_Bootloader_1_2_1\targets\MK22F51212\iar\freedom_bootloader/../../../../src/include\
#        -I
#        C:\Users\hulei\Desktop\FSL_Kinetis_Bootloader_1_2_1\targets\MK22F51212\iar\freedom_bootloader/../../../../src/include/device\
#        -I
#        C:\Users\hulei\Desktop\FSL_Kinetis_Bootloader_1_2_1\targets\MK22F51212\iar\freedom_bootloader/../../../../src\
#        -I
#        C:\Users\hulei\Desktop\FSL_Kinetis_Bootloader_1_2_1\targets\MK22F51212\iar\freedom_bootloader/../../../../src/autobaud\
#        -I
#        C:\Users\hulei\Desktop\FSL_Kinetis_Bootloader_1_2_1\targets\MK22F51212\iar\freedom_bootloader/../../../../src/drivers\
#        -I
#        C:\Users\hulei\Desktop\FSL_Kinetis_Bootloader_1_2_1\targets\MK22F51212\iar\freedom_bootloader/../../../../src/startup\
#        -I
#        C:\Users\hulei\Desktop\FSL_Kinetis_Bootloader_1_2_1\targets\MK22F51212\iar\freedom_bootloader/../../../../src/drivers/uart\
#        -I
#        C:\Users\hulei\Desktop\FSL_Kinetis_Bootloader_1_2_1\targets\MK22F51212\iar\freedom_bootloader/../../../../src/usb_stack/hid_device\
#        -I
#        C:\Users\hulei\Desktop\FSL_Kinetis_Bootloader_1_2_1\targets\MK22F51212\iar\freedom_bootloader/../../../../src/usb_stack/adapter/sources\
#        -I
#        C:\Users\hulei\Desktop\FSL_Kinetis_Bootloader_1_2_1\targets\MK22F51212\iar\freedom_bootloader/../../../../src/usb_stack/adapter/sources/bm\
#        -I
#        C:\Users\hulei\Desktop\FSL_Kinetis_Bootloader_1_2_1\targets\MK22F51212\iar\freedom_bootloader/../../../../src/usb_stack/os/bm\
#        -I
#        C:\Users\hulei\Desktop\FSL_Kinetis_Bootloader_1_2_1\targets\MK22F51212\iar\freedom_bootloader/../../../../src/usb_stack/platform/arch/cortex_m\
#        -I
#        C:\Users\hulei\Desktop\FSL_Kinetis_Bootloader_1_2_1\targets\MK22F51212\iar\freedom_bootloader/../../../../src/usb_stack/platform/soc/MK22F\
#        -I
#        C:\Users\hulei\Desktop\FSL_Kinetis_Bootloader_1_2_1\targets\MK22F51212\iar\freedom_bootloader/../../../../src/usb_stack/platform/bsp/mk22f\
#        -I
#        C:\Users\hulei\Desktop\FSL_Kinetis_Bootloader_1_2_1\targets\MK22F51212\iar\freedom_bootloader/../../../../src/usb_stack/usb_core/device/include\
#        -I
#        C:\Users\hulei\Desktop\FSL_Kinetis_Bootloader_1_2_1\targets\MK22F51212\iar\freedom_bootloader/../../../../src/usb_stack/usb_core/device/include/mk22f\
#        -I
#        C:\Users\hulei\Desktop\FSL_Kinetis_Bootloader_1_2_1\targets\MK22F51212\iar\freedom_bootloader/../../../../src/usb_stack/usb_core/device/sources\
#        -I
#        C:\Users\hulei\Desktop\FSL_Kinetis_Bootloader_1_2_1\targets\MK22F51212\iar\freedom_bootloader/../../../../src/usb_stack/usb_core/device/sources/bsp/mk22f\
#        -I
#        C:\Users\hulei\Desktop\FSL_Kinetis_Bootloader_1_2_1\targets\MK22F51212\iar\freedom_bootloader/../../../../src/usb_stack/usb_core/device/sources/classes/common\
#        -I
#        C:\Users\hulei\Desktop\FSL_Kinetis_Bootloader_1_2_1\targets\MK22F51212\iar\freedom_bootloader/../../../../src/usb_stack/usb_core/device/sources/classes/hid\
#        -I
#        C:\Users\hulei\Desktop\FSL_Kinetis_Bootloader_1_2_1\targets\MK22F51212\iar\freedom_bootloader/../../../../src/usb_stack/usb_core/device/sources/classes/include\
#        -I
#        C:\Users\hulei\Desktop\FSL_Kinetis_Bootloader_1_2_1\targets\MK22F51212\iar\freedom_bootloader/../../../../src/usb_stack/usb_core/device/sources/controller\
#        -I
#        C:\Users\hulei\Desktop\FSL_Kinetis_Bootloader_1_2_1\targets\MK22F51212\iar\freedom_bootloader/../../../../src/usb_stack/usb_core/device/sources/controller/khci\
#        -I
#        C:\Users\hulei\Desktop\FSL_Kinetis_Bootloader_1_2_1\targets\MK22F51212\iar\freedom_bootloader/../../../../src/usb_stack/usb_core/device/sources/controller/ehci\
#        -I
#        C:\Users\hulei\Desktop\FSL_Kinetis_Bootloader_1_2_1\targets\MK22F51212\iar\freedom_bootloader/../../../../src/usb_stack/usb_core/hal\
#        -I
#        C:\Users\hulei\Desktop\FSL_Kinetis_Bootloader_1_2_1\targets\MK22F51212\iar\freedom_bootloader/../../../../src/usb_stack/usb_core/include\
#        -Ohz --use_c++_inline
#    List file    =  
#        C:\Users\hulei\Desktop\FSL_Kinetis_Bootloader_1_2_1\targets\MK22F51212\iar\freedom_bootloader\debug\list\ehci_interface.lst
#    Object file  =  
#        C:\Users\hulei\Desktop\FSL_Kinetis_Bootloader_1_2_1\targets\MK22F51212\iar\freedom_bootloader\debug\obj\ehci_interface.o
#
###############################################################################

C:\Users\hulei\Desktop\FSL_Kinetis_Bootloader_1_2_1\src\usb_stack\usb_core\device\sources\controller\ehci_interface.c
      1          /**HEADER********************************************************************
      2          * 
      3          * Copyright (c) 2008, 2013 - 2014 Freescale Semiconductor;
      4          * All Rights Reserved
      5          *
      6          *************************************************************************** 
      7          *
      8          * THIS SOFTWARE IS PROVIDED BY FREESCALE "AS IS" AND ANY EXPRESSED OR 
      9          * IMPLIED WARRANTIES, INCLUDING, BUT NOT LIMITED TO, THE IMPLIED WARRANTIES 
     10          * OF MERCHANTABILITY AND FITNESS FOR A PARTICULAR PURPOSE ARE DISCLAIMED.  
     11          * IN NO EVENT SHALL FREESCALE OR ITS CONTRIBUTORS BE LIABLE FOR ANY DIRECT, 
     12          * INDIRECT, INCIDENTAL, SPECIAL, EXEMPLARY, OR CONSEQUENTIAL DAMAGES 
     13          * (INCLUDING, BUT NOT LIMITED TO, PROCUREMENT OF SUBSTITUTE GOODS OR 
     14          * SERVICES; LOSS OF USE, DATA, OR PROFITS; OR BUSINESS INTERRUPTION) 
     15          * HOWEVER CAUSED AND ON ANY THEORY OF LIABILITY, WHETHER IN CONTRACT, 
     16          * STRICT LIABILITY, OR TORT (INCLUDING NEGLIGENCE OR OTHERWISE) ARISING 
     17          * IN ANY WAY OUT OF THE USE OF THIS SOFTWARE, EVEN IF ADVISED OF 
     18          * THE POSSIBILITY OF SUCH DAMAGE.
     19          *
     20          **************************************************************************
     21          *
     22          * $FileName: ehci_interface.c$
     23          * $Version : 
     24          * $Date    : 
     25          *
     26          * Comments:
     27          *
     28          *
     29          *END************************************************************************/
     30          
     31          #include "usb_device_config.h"
     32          #if USBCFG_DEV_EHCI
     33          #include "types.h"
     34          #include "usb_types.h" //USB error definitions
     35          #include "compiler.h"
     36          #include "usb_desc.h"  //USB descriptor macros
     37          #include "usb_misc.h"
     38          #include "adapter_types.h"
     39          #include "usb_device_stack_interface.h"
     40          #include "usb_dev.h"
     41          #include "ehci_dev_main.h"
     42          #include "ehci_usbprv.h"
     43          
     44          const usb_dev_interface_functions_struct_t _usb_ehci_dev_function_table =
     45          {
     46             _usb_dci_usbhs_preinit,
     47             _usb_dci_usbhs_init,
     48             NULL,
     49             _usb_dci_usbhs_send_data,
     50             _usb_dci_usbhs_recv_data,
     51          #if USBCFG_DEV_ADVANCED_CANCEL_ENABLE  
     52             _usb_dci_usbhs_cancel_transfer,
     53          #endif
     54             _usb_dci_usbhs_init_endpoint,
     55             _usb_dci_usbhs_deinit_endpoint,
     56             _usb_dci_usbhs_unstall_endpoint,
     57             _usb_dci_usbhs_get_endpoint_status,
     58             _usb_dci_usbhs_set_endpoint_status,
     59             _usb_dci_usbhs_get_transfer_status,
     60             _usb_dci_usbhs_set_address,
     61             _usb_dci_usbhs_shutdown,
     62             _usb_dci_usbhs_get_setup_data,
     63          #if USBCFG_DEV_ADVANCED_SUSPEND_RESUME
     64             _usb_dci_usbhs_assert_resume,
     65          #endif
     66             _usb_dci_usbhs_stall_endpoint,
     67             _usb_dci_usbhs_set_status,
     68             _usb_dci_usbhs_get_status,
     69             _usb_dci_usbhs_alloc_xd,
     70              NULL,
     71          #if USBCFG_DEV_EHCI_TEST_MODE
     72          	_usb_dci_usbhs_set_test_mode,
     73          #endif
     74          };
     75          #endif


 

 


Errors: none
Warnings: none
