###############################################################################
#
# IAR ANSI C/C++ Compiler V7.50.3.10732/W32 for ARM       13/Mar/2016  16:47:02
# Copyright 1999-2016 IAR Systems AB.
#
#    Cpu mode     =  thumb
#    Endian       =  little
#    Source file  =  
#        C:\Users\hulei\Desktop\FSL_Kinetis_Bootloader_1_2_1\src\usb_stack\usb_core\hal\fsl_usb_khci_hal.c
#    Command line =  
#        C:\Users\hulei\Desktop\FSL_Kinetis_Bootloader_1_2_1\src\usb_stack\usb_core\hal\fsl_usb_khci_hal.c
#        -D NDEBUG -D CPU_MK22FN512VDC12 -D CPU_IS_ARM_CORTEX_M4=1 -D IAR -D
#        FREEDOM -D BL_TARGET_FLASH -lC
#        C:\Users\hulei\Desktop\FSL_Kinetis_Bootloader_1_2_1\targets\MK22F51212\iar\freedom_bootloader\debug\list
#        --diag_suppress Pa050 -o
#        C:\Users\hulei\Desktop\FSL_Kinetis_Bootloader_1_2_1\targets\MK22F51212\iar\freedom_bootloader\debug\obj
#        --no_unroll --debug --endian=little --cpu=Cortex-M4 -e --fpu=None
#        --dlib_config "F:\Program Files\IAR Systems\Embedded Workbench
#        7.3\arm\INC\c\DLib_Config_Normal.h" -I
#        C:\Users\hulei\Desktop\FSL_Kinetis_Bootloader_1_2_1\targets\MK22F51212\iar\freedom_bootloader/../../src\
#        -I
#        C:\Users\hulei\Desktop\FSL_Kinetis_Bootloader_1_2_1\targets\MK22F51212\iar\freedom_bootloader/../../../../src/include\
#        -I
#        C:\Users\hulei\Desktop\FSL_Kinetis_Bootloader_1_2_1\targets\MK22F51212\iar\freedom_bootloader/../../../../src/include/device\
#        -I
#        C:\Users\hulei\Desktop\FSL_Kinetis_Bootloader_1_2_1\targets\MK22F51212\iar\freedom_bootloader/../../../../src\
#        -I
#        C:\Users\hulei\Desktop\FSL_Kinetis_Bootloader_1_2_1\targets\MK22F51212\iar\freedom_bootloader/../../../../src/autobaud\
#        -I
#        C:\Users\hulei\Desktop\FSL_Kinetis_Bootloader_1_2_1\targets\MK22F51212\iar\freedom_bootloader/../../../../src/drivers\
#        -I
#        C:\Users\hulei\Desktop\FSL_Kinetis_Bootloader_1_2_1\targets\MK22F51212\iar\freedom_bootloader/../../../../src/startup\
#        -I
#        C:\Users\hulei\Desktop\FSL_Kinetis_Bootloader_1_2_1\targets\MK22F51212\iar\freedom_bootloader/../../../../src/drivers/uart\
#        -I
#        C:\Users\hulei\Desktop\FSL_Kinetis_Bootloader_1_2_1\targets\MK22F51212\iar\freedom_bootloader/../../../../src/usb_stack/hid_device\
#        -I
#        C:\Users\hulei\Desktop\FSL_Kinetis_Bootloader_1_2_1\targets\MK22F51212\iar\freedom_bootloader/../../../../src/usb_stack/adapter/sources\
#        -I
#        C:\Users\hulei\Desktop\FSL_Kinetis_Bootloader_1_2_1\targets\MK22F51212\iar\freedom_bootloader/../../../../src/usb_stack/adapter/sources/bm\
#        -I
#        C:\Users\hulei\Desktop\FSL_Kinetis_Bootloader_1_2_1\targets\MK22F51212\iar\freedom_bootloader/../../../../src/usb_stack/os/bm\
#        -I
#        C:\Users\hulei\Desktop\FSL_Kinetis_Bootloader_1_2_1\targets\MK22F51212\iar\freedom_bootloader/../../../../src/usb_stack/platform/arch/cortex_m\
#        -I
#        C:\Users\hulei\Desktop\FSL_Kinetis_Bootloader_1_2_1\targets\MK22F51212\iar\freedom_bootloader/../../../../src/usb_stack/platform/soc/MK22F\
#        -I
#        C:\Users\hulei\Desktop\FSL_Kinetis_Bootloader_1_2_1\targets\MK22F51212\iar\freedom_bootloader/../../../../src/usb_stack/platform/bsp/mk22f\
#        -I
#        C:\Users\hulei\Desktop\FSL_Kinetis_Bootloader_1_2_1\targets\MK22F51212\iar\freedom_bootloader/../../../../src/usb_stack/usb_core/device/include\
#        -I
#        C:\Users\hulei\Desktop\FSL_Kinetis_Bootloader_1_2_1\targets\MK22F51212\iar\freedom_bootloader/../../../../src/usb_stack/usb_core/device/include/mk22f\
#        -I
#        C:\Users\hulei\Desktop\FSL_Kinetis_Bootloader_1_2_1\targets\MK22F51212\iar\freedom_bootloader/../../../../src/usb_stack/usb_core/device/sources\
#        -I
#        C:\Users\hulei\Desktop\FSL_Kinetis_Bootloader_1_2_1\targets\MK22F51212\iar\freedom_bootloader/../../../../src/usb_stack/usb_core/device/sources/bsp/mk22f\
#        -I
#        C:\Users\hulei\Desktop\FSL_Kinetis_Bootloader_1_2_1\targets\MK22F51212\iar\freedom_bootloader/../../../../src/usb_stack/usb_core/device/sources/classes/common\
#        -I
#        C:\Users\hulei\Desktop\FSL_Kinetis_Bootloader_1_2_1\targets\MK22F51212\iar\freedom_bootloader/../../../../src/usb_stack/usb_core/device/sources/classes/hid\
#        -I
#        C:\Users\hulei\Desktop\FSL_Kinetis_Bootloader_1_2_1\targets\MK22F51212\iar\freedom_bootloader/../../../../src/usb_stack/usb_core/device/sources/classes/include\
#        -I
#        C:\Users\hulei\Desktop\FSL_Kinetis_Bootloader_1_2_1\targets\MK22F51212\iar\freedom_bootloader/../../../../src/usb_stack/usb_core/device/sources/controller\
#        -I
#        C:\Users\hulei\Desktop\FSL_Kinetis_Bootloader_1_2_1\targets\MK22F51212\iar\freedom_bootloader/../../../../src/usb_stack/usb_core/device/sources/controller/khci\
#        -I
#        C:\Users\hulei\Desktop\FSL_Kinetis_Bootloader_1_2_1\targets\MK22F51212\iar\freedom_bootloader/../../../../src/usb_stack/usb_core/device/sources/controller/ehci\
#        -I
#        C:\Users\hulei\Desktop\FSL_Kinetis_Bootloader_1_2_1\targets\MK22F51212\iar\freedom_bootloader/../../../../src/usb_stack/usb_core/hal\
#        -I
#        C:\Users\hulei\Desktop\FSL_Kinetis_Bootloader_1_2_1\targets\MK22F51212\iar\freedom_bootloader/../../../../src/usb_stack/usb_core/include\
#        -Ohz --use_c++_inline
#    List file    =  
#        C:\Users\hulei\Desktop\FSL_Kinetis_Bootloader_1_2_1\targets\MK22F51212\iar\freedom_bootloader\debug\list\fsl_usb_khci_hal.lst
#    Object file  =  
#        C:\Users\hulei\Desktop\FSL_Kinetis_Bootloader_1_2_1\targets\MK22F51212\iar\freedom_bootloader\debug\obj\fsl_usb_khci_hal.o
#
###############################################################################

C:\Users\hulei\Desktop\FSL_Kinetis_Bootloader_1_2_1\src\usb_stack\usb_core\hal\fsl_usb_khci_hal.c
      1          /*
      2           * Copyright (c) 2013, Freescale Semiconductor, Inc.
      3           * All rights reserved.
      4           *
      5           * Redistribution and use in source and binary forms, with or without modification,
      6           * are permitted provided that the following conditions are met:
      7           *
      8           * o Redistributions of source code must retain the above copyright notice, this list
      9           *   of conditions and the following disclaimer.
     10           *
     11           * o Redistributions in binary form must reproduce the above copyright notice, this
     12           *   list of conditions and the following disclaimer in the documentation and/or
     13           *   other materials provided with the distribution.
     14           *
     15           * o Neither the name of Freescale Semiconductor, Inc. nor the names of its
     16           *   contributors may be used to endorse or promote products derived from this
     17           *   software without specific prior written permission.
     18           *
     19           * THIS SOFTWARE IS PROVIDED BY THE COPYRIGHT HOLDERS AND CONTRIBUTORS "AS IS" AND
     20           * ANY EXPRESS OR IMPLIED WARRANTIES, INCLUDING, BUT NOT LIMITED TO, THE IMPLIED
     21           * WARRANTIES OF MERCHANTABILITY AND FITNESS FOR A PARTICULAR PURPOSE ARE
     22           * DISCLAIMED. IN NO EVENT SHALL THE COPYRIGHT HOLDER OR CONTRIBUTORS BE LIABLE FOR
     23           * ANY DIRECT, INDIRECT, INCIDENTAL, SPECIAL, EXEMPLARY, OR CONSEQUENTIAL DAMAGES
     24           * (INCLUDING, BUT NOT LIMITED TO, PROCUREMENT OF SUBSTITUTE GOODS OR SERVICES;
     25           * LOSS OF USE, DATA, OR PROFITS; OR BUSINESS INTERRUPTION) HOWEVER CAUSED AND ON
     26           * ANY THEORY OF LIABILITY, WHETHER IN CONTRACT, STRICT LIABILITY, OR TORT
     27           * (INCLUDING NEGLIGENCE OR OTHERWISE) ARISING IN ANY WAY OUT OF THE USE OF THIS
     28           * SOFTWARE, EVEN IF ADVISED OF THE POSSIBILITY OF SUCH DAMAGE.
     29           */
     30          #include "fsl_usb_khci_hal.h"
     31          //#include "fsl_platform_common.h"
     32          
     33          ////////////////////////////////////////////////////////////////////////////////
     34          // Code
     35          ////////////////////////////////////////////////////////////////////////////////
     36          
     37          
     38          
     39          
     40          
     41          
     42          
     43          


 

 


Errors: none
Warnings: none
