###############################################################################
#
# IAR ANSI C/C++ Compiler V7.50.3.10732/W32 for ARM       13/Mar/2016  16:47:10
# Copyright 1999-2016 IAR Systems AB.
#
#    Cpu mode     =  thumb
#    Endian       =  little
#    Source file  =  
#        C:\Users\hulei\Desktop\FSL_Kinetis_Bootloader_1_2_1\src\usb_stack\os\bm\mem_util.c
#    Command line =  
#        C:\Users\hulei\Desktop\FSL_Kinetis_Bootloader_1_2_1\src\usb_stack\os\bm\mem_util.c
#        -D NDEBUG -D CPU_MK22FN512VDC12 -D CPU_IS_ARM_CORTEX_M4=1 -D IAR -D
#        FREEDOM -D BL_TARGET_FLASH -lC
#        C:\Users\hulei\Desktop\FSL_Kinetis_Bootloader_1_2_1\targets\MK22F51212\iar\freedom_bootloader\debug\list
#        --diag_suppress Pa050 -o
#        C:\Users\hulei\Desktop\FSL_Kinetis_Bootloader_1_2_1\targets\MK22F51212\iar\freedom_bootloader\debug\obj
#        --no_unroll --debug --endian=little --cpu=Cortex-M4 -e --fpu=None
#        --dlib_config "F:\Program Files\IAR Systems\Embedded Workbench
#        7.3\arm\INC\c\DLib_Config_Normal.h" -I
#        C:\Users\hulei\Desktop\FSL_Kinetis_Bootloader_1_2_1\targets\MK22F51212\iar\freedom_bootloader/../../src\
#        -I
#        C:\Users\hulei\Desktop\FSL_Kinetis_Bootloader_1_2_1\targets\MK22F51212\iar\freedom_bootloader/../../../../src/include\
#        -I
#        C:\Users\hulei\Desktop\FSL_Kinetis_Bootloader_1_2_1\targets\MK22F51212\iar\freedom_bootloader/../../../../src/include/device\
#        -I
#        C:\Users\hulei\Desktop\FSL_Kinetis_Bootloader_1_2_1\targets\MK22F51212\iar\freedom_bootloader/../../../../src\
#        -I
#        C:\Users\hulei\Desktop\FSL_Kinetis_Bootloader_1_2_1\targets\MK22F51212\iar\freedom_bootloader/../../../../src/autobaud\
#        -I
#        C:\Users\hulei\Desktop\FSL_Kinetis_Bootloader_1_2_1\targets\MK22F51212\iar\freedom_bootloader/../../../../src/drivers\
#        -I
#        C:\Users\hulei\Desktop\FSL_Kinetis_Bootloader_1_2_1\targets\MK22F51212\iar\freedom_bootloader/../../../../src/startup\
#        -I
#        C:\Users\hulei\Desktop\FSL_Kinetis_Bootloader_1_2_1\targets\MK22F51212\iar\freedom_bootloader/../../../../src/drivers/uart\
#        -I
#        C:\Users\hulei\Desktop\FSL_Kinetis_Bootloader_1_2_1\targets\MK22F51212\iar\freedom_bootloader/../../../../src/usb_stack/hid_device\
#        -I
#        C:\Users\hulei\Desktop\FSL_Kinetis_Bootloader_1_2_1\targets\MK22F51212\iar\freedom_bootloader/../../../../src/usb_stack/adapter/sources\
#        -I
#        C:\Users\hulei\Desktop\FSL_Kinetis_Bootloader_1_2_1\targets\MK22F51212\iar\freedom_bootloader/../../../../src/usb_stack/adapter/sources/bm\
#        -I
#        C:\Users\hulei\Desktop\FSL_Kinetis_Bootloader_1_2_1\targets\MK22F51212\iar\freedom_bootloader/../../../../src/usb_stack/os/bm\
#        -I
#        C:\Users\hulei\Desktop\FSL_Kinetis_Bootloader_1_2_1\targets\MK22F51212\iar\freedom_bootloader/../../../../src/usb_stack/platform/arch/cortex_m\
#        -I
#        C:\Users\hulei\Desktop\FSL_Kinetis_Bootloader_1_2_1\targets\MK22F51212\iar\freedom_bootloader/../../../../src/usb_stack/platform/soc/MK22F\
#        -I
#        C:\Users\hulei\Desktop\FSL_Kinetis_Bootloader_1_2_1\targets\MK22F51212\iar\freedom_bootloader/../../../../src/usb_stack/platform/bsp/mk22f\
#        -I
#        C:\Users\hulei\Desktop\FSL_Kinetis_Bootloader_1_2_1\targets\MK22F51212\iar\freedom_bootloader/../../../../src/usb_stack/usb_core/device/include\
#        -I
#        C:\Users\hulei\Desktop\FSL_Kinetis_Bootloader_1_2_1\targets\MK22F51212\iar\freedom_bootloader/../../../../src/usb_stack/usb_core/device/include/mk22f\
#        -I
#        C:\Users\hulei\Desktop\FSL_Kinetis_Bootloader_1_2_1\targets\MK22F51212\iar\freedom_bootloader/../../../../src/usb_stack/usb_core/device/sources\
#        -I
#        C:\Users\hulei\Desktop\FSL_Kinetis_Bootloader_1_2_1\targets\MK22F51212\iar\freedom_bootloader/../../../../src/usb_stack/usb_core/device/sources/bsp/mk22f\
#        -I
#        C:\Users\hulei\Desktop\FSL_Kinetis_Bootloader_1_2_1\targets\MK22F51212\iar\freedom_bootloader/../../../../src/usb_stack/usb_core/device/sources/classes/common\
#        -I
#        C:\Users\hulei\Desktop\FSL_Kinetis_Bootloader_1_2_1\targets\MK22F51212\iar\freedom_bootloader/../../../../src/usb_stack/usb_core/device/sources/classes/hid\
#        -I
#        C:\Users\hulei\Desktop\FSL_Kinetis_Bootloader_1_2_1\targets\MK22F51212\iar\freedom_bootloader/../../../../src/usb_stack/usb_core/device/sources/classes/include\
#        -I
#        C:\Users\hulei\Desktop\FSL_Kinetis_Bootloader_1_2_1\targets\MK22F51212\iar\freedom_bootloader/../../../../src/usb_stack/usb_core/device/sources/controller\
#        -I
#        C:\Users\hulei\Desktop\FSL_Kinetis_Bootloader_1_2_1\targets\MK22F51212\iar\freedom_bootloader/../../../../src/usb_stack/usb_core/device/sources/controller/khci\
#        -I
#        C:\Users\hulei\Desktop\FSL_Kinetis_Bootloader_1_2_1\targets\MK22F51212\iar\freedom_bootloader/../../../../src/usb_stack/usb_core/device/sources/controller/ehci\
#        -I
#        C:\Users\hulei\Desktop\FSL_Kinetis_Bootloader_1_2_1\targets\MK22F51212\iar\freedom_bootloader/../../../../src/usb_stack/usb_core/hal\
#        -I
#        C:\Users\hulei\Desktop\FSL_Kinetis_Bootloader_1_2_1\targets\MK22F51212\iar\freedom_bootloader/../../../../src/usb_stack/usb_core/include\
#        -Ohz --use_c++_inline
#    List file    =  
#        C:\Users\hulei\Desktop\FSL_Kinetis_Bootloader_1_2_1\targets\MK22F51212\iar\freedom_bootloader\debug\list\mem_util.lst
#    Object file  =  
#        C:\Users\hulei\Desktop\FSL_Kinetis_Bootloader_1_2_1\targets\MK22F51212\iar\freedom_bootloader\debug\obj\mem_util.o
#
###############################################################################

C:\Users\hulei\Desktop\FSL_Kinetis_Bootloader_1_2_1\src\usb_stack\os\bm\mem_util.c
      1          /**HEADER********************************************************************
      2          * 
      3          * Copyright (c) 2010, 2013- 2014 Freescale Semiconductor;
      4          * All Rights Reserved
      5          *
      6          *
      7          *************************************************************************** 
      8          *
      9          * THIS SOFTWARE IS PROVIDED BY FREESCALE "AS IS" AND ANY EXPRESSED OR 
     10          * IMPLIED WARRANTIES, INCLUDING, BUT NOT LIMITED TO, THE IMPLIED WARRANTIES 
     11          * OF MERCHANTABILITY AND FITNESS FOR A PARTICULAR PURPOSE ARE DISCLAIMED.  
     12          * IN NO EVENT SHALL FREESCALE OR ITS CONTRIBUTORS BE LIABLE FOR ANY DIRECT, 
     13          * INDIRECT, INCIDENTAL, SPECIAL, EXEMPLARY, OR CONSEQUENTIAL DAMAGES 
     14          * (INCLUDING, BUT NOT LIMITED TO, PROCUREMENT OF SUBSTITUTE GOODS OR 
     15          * SERVICES; LOSS OF USE, DATA, OR PROFITS; OR BUSINESS INTERRUPTION) 
     16          * HOWEVER CAUSED AND ON ANY THEORY OF LIABILITY, WHETHER IN CONTRACT, 
     17          * STRICT LIABILITY, OR TORT (INCLUDING NEGLIGENCE OR OTHERWISE) ARISING 
     18          * IN ANY WAY OUT OF THE USE OF THIS SOFTWARE, EVEN IF ADVISED OF 
     19          * THE POSSIBILITY OF SUCH DAMAGE.
     20          *
     21          **************************************************************************
     22          *
     23          * $FileName: mem_util.c$
     24          * $Version : 
     25          * $Date    : 
     26          *
     27          * Comments:
     28          *
     29          *
     30          *
     31          *END************************************************************************/
     32          #include "adapter_bm.h"
     33          
     34          #define  BM_MEM4_ALIGN(n)          ((n) + (-(n) & 3))
     35          

   \                                 In section .text, align 2, keep-with-next
     36          void* BM_mem_alloc_word_aligned(uint32_t size)
     37          {
   \                     BM_mem_alloc_word_aligned: (+1)
   \   00000000   0xB580             PUSH     {R7,LR}
     38              void *p = (void*)malloc(size + 4);
   \   00000002   0x1D00             ADDS     R0,R0,#+4
   \   00000004   0x.... 0x....      BL       malloc
     39              return((void*)(BM_MEM4_ALIGN((uint32_t)p)));
   \   00000008   0x4241             RSBS     R1,R0,#+0
   \   0000000A   0xF001 0x0103      AND      R1,R1,#0x3
   \   0000000E   0x1808             ADDS     R0,R1,R0
   \   00000010   0xBD02             POP      {R1,PC}          ;; return
     40          }

   \                                 In section .text, align 2, keep-with-next
     41          void* BM_mem_alloc_zero(uint32_t size)
     42          {
   \                     BM_mem_alloc_zero: (+1)
   \   00000000   0xB538             PUSH     {R3-R5,LR}
   \   00000002   0x4604             MOV      R4,R0
     43              void* p;
     44              p = BM_mem_alloc_word_aligned(size);
   \   00000004   0x.... 0x....      BL       BM_mem_alloc_word_aligned
   \   00000008   0x0005             MOVS     R5,R0
     45              if (p != NULL)
   \   0000000A   0xD003             BEQ.N    ??BM_mem_alloc_zero_0
     46              {
     47                  memset( (p) , (0) , (size));
   \   0000000C   0x4622             MOV      R2,R4
   \   0000000E   0x2100             MOVS     R1,#+0
   \   00000010   0x.... 0x....      BL       memset
     48              }
     49              return p;
   \                     ??BM_mem_alloc_zero_0: (+1)
   \   00000014   0x4628             MOV      R0,R5
   \   00000016   0xBD32             POP      {R1,R4,R5,PC}    ;; return
     50          }
     51          

   \                                 In section .text, align 2, keep-with-next
     52          void BM_mem_free(void* buffer)
     53          {
     54              free(buffer);
   \                     BM_mem_free: (+1)
   \   00000000   0x.... 0x....      B.W      free
     55              return ;
     56          }

   Maximum stack usage in bytes:

   .cstack Function
   ------- --------
       8   BM_mem_alloc_word_aligned
         8   -> malloc
      16   BM_mem_alloc_zero
        16   -> BM_mem_alloc_word_aligned
        16   -> memset
       0   BM_mem_free
         0   -> free


   Section sizes:

   Bytes  Function/Label
   -----  --------------
      18  BM_mem_alloc_word_aligned
      24  BM_mem_alloc_zero
       4  BM_mem_free

 
 46 bytes in section .text
 
 46 bytes of CODE memory

Errors: none
Warnings: none
