###############################################################################
#
# IAR ANSI C/C++ Compiler V7.50.3.10732/W32 for ARM       13/Mar/2016  16:47:20
# Copyright 1999-2016 IAR Systems AB.
#
#    Cpu mode     =  thumb
#    Endian       =  little
#    Source file  =  
#        C:\Users\hulei\Desktop\FSL_Kinetis_Bootloader_1_2_1\targets\MK22F51212\src\peripherals_K22F512.c
#    Command line =  
#        C:\Users\hulei\Desktop\FSL_Kinetis_Bootloader_1_2_1\targets\MK22F51212\src\peripherals_K22F512.c
#        -D NDEBUG -D CPU_MK22FN512VDC12 -D CPU_IS_ARM_CORTEX_M4=1 -D IAR -D
#        FREEDOM -D BL_TARGET_FLASH -lC
#        C:\Users\hulei\Desktop\FSL_Kinetis_Bootloader_1_2_1\targets\MK22F51212\iar\freedom_bootloader\debug\list
#        --diag_suppress Pa050 -o
#        C:\Users\hulei\Desktop\FSL_Kinetis_Bootloader_1_2_1\targets\MK22F51212\iar\freedom_bootloader\debug\obj
#        --no_unroll --debug --endian=little --cpu=Cortex-M4 -e --fpu=None
#        --dlib_config "F:\Program Files\IAR Systems\Embedded Workbench
#        7.3\arm\INC\c\DLib_Config_Normal.h" -I
#        C:\Users\hulei\Desktop\FSL_Kinetis_Bootloader_1_2_1\targets\MK22F51212\iar\freedom_bootloader/../../src\
#        -I
#        C:\Users\hulei\Desktop\FSL_Kinetis_Bootloader_1_2_1\targets\MK22F51212\iar\freedom_bootloader/../../../../src/include\
#        -I
#        C:\Users\hulei\Desktop\FSL_Kinetis_Bootloader_1_2_1\targets\MK22F51212\iar\freedom_bootloader/../../../../src/include/device\
#        -I
#        C:\Users\hulei\Desktop\FSL_Kinetis_Bootloader_1_2_1\targets\MK22F51212\iar\freedom_bootloader/../../../../src\
#        -I
#        C:\Users\hulei\Desktop\FSL_Kinetis_Bootloader_1_2_1\targets\MK22F51212\iar\freedom_bootloader/../../../../src/autobaud\
#        -I
#        C:\Users\hulei\Desktop\FSL_Kinetis_Bootloader_1_2_1\targets\MK22F51212\iar\freedom_bootloader/../../../../src/drivers\
#        -I
#        C:\Users\hulei\Desktop\FSL_Kinetis_Bootloader_1_2_1\targets\MK22F51212\iar\freedom_bootloader/../../../../src/startup\
#        -I
#        C:\Users\hulei\Desktop\FSL_Kinetis_Bootloader_1_2_1\targets\MK22F51212\iar\freedom_bootloader/../../../../src/drivers/uart\
#        -I
#        C:\Users\hulei\Desktop\FSL_Kinetis_Bootloader_1_2_1\targets\MK22F51212\iar\freedom_bootloader/../../../../src/usb_stack/hid_device\
#        -I
#        C:\Users\hulei\Desktop\FSL_Kinetis_Bootloader_1_2_1\targets\MK22F51212\iar\freedom_bootloader/../../../../src/usb_stack/adapter/sources\
#        -I
#        C:\Users\hulei\Desktop\FSL_Kinetis_Bootloader_1_2_1\targets\MK22F51212\iar\freedom_bootloader/../../../../src/usb_stack/adapter/sources/bm\
#        -I
#        C:\Users\hulei\Desktop\FSL_Kinetis_Bootloader_1_2_1\targets\MK22F51212\iar\freedom_bootloader/../../../../src/usb_stack/os/bm\
#        -I
#        C:\Users\hulei\Desktop\FSL_Kinetis_Bootloader_1_2_1\targets\MK22F51212\iar\freedom_bootloader/../../../../src/usb_stack/platform/arch/cortex_m\
#        -I
#        C:\Users\hulei\Desktop\FSL_Kinetis_Bootloader_1_2_1\targets\MK22F51212\iar\freedom_bootloader/../../../../src/usb_stack/platform/soc/MK22F\
#        -I
#        C:\Users\hulei\Desktop\FSL_Kinetis_Bootloader_1_2_1\targets\MK22F51212\iar\freedom_bootloader/../../../../src/usb_stack/platform/bsp/mk22f\
#        -I
#        C:\Users\hulei\Desktop\FSL_Kinetis_Bootloader_1_2_1\targets\MK22F51212\iar\freedom_bootloader/../../../../src/usb_stack/usb_core/device/include\
#        -I
#        C:\Users\hulei\Desktop\FSL_Kinetis_Bootloader_1_2_1\targets\MK22F51212\iar\freedom_bootloader/../../../../src/usb_stack/usb_core/device/include/mk22f\
#        -I
#        C:\Users\hulei\Desktop\FSL_Kinetis_Bootloader_1_2_1\targets\MK22F51212\iar\freedom_bootloader/../../../../src/usb_stack/usb_core/device/sources\
#        -I
#        C:\Users\hulei\Desktop\FSL_Kinetis_Bootloader_1_2_1\targets\MK22F51212\iar\freedom_bootloader/../../../../src/usb_stack/usb_core/device/sources/bsp/mk22f\
#        -I
#        C:\Users\hulei\Desktop\FSL_Kinetis_Bootloader_1_2_1\targets\MK22F51212\iar\freedom_bootloader/../../../../src/usb_stack/usb_core/device/sources/classes/common\
#        -I
#        C:\Users\hulei\Desktop\FSL_Kinetis_Bootloader_1_2_1\targets\MK22F51212\iar\freedom_bootloader/../../../../src/usb_stack/usb_core/device/sources/classes/hid\
#        -I
#        C:\Users\hulei\Desktop\FSL_Kinetis_Bootloader_1_2_1\targets\MK22F51212\iar\freedom_bootloader/../../../../src/usb_stack/usb_core/device/sources/classes/include\
#        -I
#        C:\Users\hulei\Desktop\FSL_Kinetis_Bootloader_1_2_1\targets\MK22F51212\iar\freedom_bootloader/../../../../src/usb_stack/usb_core/device/sources/controller\
#        -I
#        C:\Users\hulei\Desktop\FSL_Kinetis_Bootloader_1_2_1\targets\MK22F51212\iar\freedom_bootloader/../../../../src/usb_stack/usb_core/device/sources/controller/khci\
#        -I
#        C:\Users\hulei\Desktop\FSL_Kinetis_Bootloader_1_2_1\targets\MK22F51212\iar\freedom_bootloader/../../../../src/usb_stack/usb_core/device/sources/controller/ehci\
#        -I
#        C:\Users\hulei\Desktop\FSL_Kinetis_Bootloader_1_2_1\targets\MK22F51212\iar\freedom_bootloader/../../../../src/usb_stack/usb_core/hal\
#        -I
#        C:\Users\hulei\Desktop\FSL_Kinetis_Bootloader_1_2_1\targets\MK22F51212\iar\freedom_bootloader/../../../../src/usb_stack/usb_core/include\
#        -Ohz --use_c++_inline
#    List file    =  
#        C:\Users\hulei\Desktop\FSL_Kinetis_Bootloader_1_2_1\targets\MK22F51212\iar\freedom_bootloader\debug\list\peripherals_K22F512.lst
#    Object file  =  
#        C:\Users\hulei\Desktop\FSL_Kinetis_Bootloader_1_2_1\targets\MK22F51212\iar\freedom_bootloader\debug\obj\peripherals_K22F512.o
#
###############################################################################

C:\Users\hulei\Desktop\FSL_Kinetis_Bootloader_1_2_1\targets\MK22F51212\src\peripherals_K22F512.c
      1          /*
      2           * Copyright (c) 2013-2015, Freescale Semiconductor, Inc.
      3           * All rights reserved.
      4           *
      5           * Redistribution and use in source and binary forms, with or without modification,
      6           * are permitted provided that the following conditions are met:
      7           *
      8           * o Redistributions of source code must retain the above copyright notice, this list
      9           *   of conditions and the following disclaimer.
     10           *
     11           * o Redistributions in binary form must reproduce the above copyright notice, this
     12           *   list of conditions and the following disclaimer in the documentation and/or
     13           *   other materials provided with the distribution.
     14           *
     15           * o Neither the name of Freescale Semiconductor, Inc. nor the names of its
     16           *   contributors may be used to endorse or promote products derived from this
     17           *   software without specific prior written permission.
     18           *
     19           * THIS SOFTWARE IS PROVIDED BY THE COPYRIGHT HOLDERS AND CONTRIBUTORS "AS IS" AND
     20           * ANY EXPRESS OR IMPLIED WARRANTIES, INCLUDING, BUT NOT LIMITED TO, THE IMPLIED
     21           * WARRANTIES OF MERCHANTABILITY AND FITNESS FOR A PARTICULAR PURPOSE ARE
     22           * DISCLAIMED. IN NO EVENT SHALL THE COPYRIGHT HOLDER OR CONTRIBUTORS BE LIABLE FOR
     23           * ANY DIRECT, INDIRECT, INCIDENTAL, SPECIAL, EXEMPLARY, OR CONSEQUENTIAL DAMAGES
     24           * (INCLUDING, BUT NOT LIMITED TO, PROCUREMENT OF SUBSTITUTE GOODS OR SERVICES;
     25           * LOSS OF USE, DATA, OR PROFITS; OR BUSINESS INTERRUPTION) HOWEVER CAUSED AND ON
     26           * ANY THEORY OF LIABILITY, WHETHER IN CONTRACT, STRICT LIABILITY, OR TORT
     27           * (INCLUDING NEGLIGENCE OR OTHERWISE) ARISING IN ANY WAY OUT OF THE USE OF THIS
     28           * SOFTWARE, EVEN IF ADVISED OF THE POSSIBILITY OF SUCH DAMAGE.
     29           */
     30          
     31          #include "bootloader/context.h"
     32          #include "bootloader/bl_peripheral_interface.h"
     33          #include "packet/serial_packet.h"
     34          
     35          extern void uart_pinmux_config(unsigned int instance, pinmux_type_t pinmux);
     36          extern void i2c_pinmux_config(unsigned int instance, pinmux_type_t pinmux);
     37          extern void spi_pinmux_config(unsigned int instance, pinmux_type_t pinmux);
     38          ////////////////////////////////////////////////////////////////////////////////
     39          // Variables
     40          ////////////////////////////////////////////////////////////////////////////////
     41          
     42          #if !BL_CONFIG_SCUART && !BL_CONFIG_I2C && !BL_CONFIG_DSPI && (BL_MIN_PROFILE || !BL_CONFIG_USB_HID)
     43          #error At least one peripheral must be enabled!
     44          #endif
     45          
     46          
     47          //! @brief Peripheral array for K22F512.

   \                                 In section .rodata, align 4, keep-with-next
     48          const peripheral_descriptor_t g_peripherals[] = {                                  
   \                     g_peripherals:
   \   00000000   0x00000001         DC32 1, 1, uart_pinmux_config, g_scuartControlInterface
   \              0x00000001   
   \              0x........   
   \              0x........   
   \   00000010   0x........         DC32 g_scuartByteInterface, g_framingPacketInterface, 2, 1
   \              0x........   
   \              0x00000002   
   \              0x00000001   
   \   00000020   0x........         DC32 i2c_pinmux_config, g_i2cControlInterface, g_i2cByteInterface
   \              0x........   
   \              0x........   
   \   0000002C   0x........         DC32 g_framingPacketInterface, 4, 1, spi_pinmux_config
   \              0x00000004   
   \              0x00000001   
   \              0x........   
   \   0000003C   0x........         DC32 g_dspiControlInterface, g_dspiByteInterface
   \              0x........   
   \   00000044   0x........         DC32 g_framingPacketInterface, 16, 0, 0H, g_usbHidControlInterface, 0H
   \              0x00000010   
   \              0x00000000   
   \              0x00000000   
   \              0x........   
   \              0x00000000   
   \   0000005C   0x........         DC32 g_usbHidPacketInterface, 0
   \              0x00000000   
   \   00000064   0x00 0x00          DC8 0, 0, 0, 0, 0, 0, 0, 0, 0, 0, 0, 0, 0, 0, 0, 0, 0, 0, 0, 0
   \              0x00 0x00    
   \              0x00 0x00    
   \              0x00 0x00    
   \              0x00 0x00    
   \              0x00 0x00    
   \              0x00 0x00    
   \              0x00 0x00    
   \              0x00 0x00    
   \              0x00 0x00    
     49          #if BL_CONFIG_SCUART  
     50              // UART1
     51              {
     52                  .typeMask = kPeripheralType_UART,
     53                  .instance = 1,
     54                  .pinmuxConfig = uart_pinmux_config,
     55                  .controlInterface = &g_scuartControlInterface,
     56                  .byteInterface = &g_scuartByteInterface,
     57                  .packetInterface = &g_framingPacketInterface
     58              },
     59          #endif // BL_CONFIG_SCUART   
     60          #if BL_CONFIG_I2C    
     61              // I2C1
     62              {
     63                  .typeMask = kPeripheralType_I2CSlave,
     64                  .instance = 1,
     65                  .pinmuxConfig = i2c_pinmux_config,
     66                  .controlInterface = &g_i2cControlInterface,
     67                  .byteInterface = &g_i2cByteInterface,
     68                  .packetInterface = &g_framingPacketInterface
     69              },
     70          #endif // BL_CONFIG_I2C    
     71          #if BL_CONFIG_DSPI    
     72              // SPI1
     73              {
     74                  .typeMask = kPeripheralType_SPISlave,
     75                  .instance = 1,
     76                  .pinmuxConfig = spi_pinmux_config,
     77                  .controlInterface = &g_dspiControlInterface,
     78                  .byteInterface = &g_dspiByteInterface,
     79                  .packetInterface = &g_framingPacketInterface
     80              },
     81          #endif //BL_CONFIG_DSPI    
     82          #if !BL_MIN_PROFILE
     83          #if BL_CONFIG_USB_HID    
     84              // USB HID
     85              {
     86                  .typeMask = kPeripheralType_USB_HID,
     87                  .instance = 0,
     88                  .pinmuxConfig = NULL,
     89                  .controlInterface = &g_usbHidControlInterface,
     90                  .byteInterface = NULL,
     91                  .packetInterface = &g_usbHidPacketInterface
     92              },
     93          #endif // BL_CONFIG_USB_HID
     94          #endif // !BL_MIN_PROFILE    
     95              { 0 } // Terminator
     96          };
     97          
     98          ////////////////////////////////////////////////////////////////////////////////
     99          // EOF
    100          ////////////////////////////////////////////////////////////////////////////////
    101          


   Section sizes:

   Bytes  Function/Label
   -----  --------------
     120  g_peripherals

 
 120 bytes in section .rodata
 
 120 bytes of CONST memory

Errors: none
Warnings: none
